WARNING:shared.autonomous.real_executor:OpenHands SDK not available, will use fallback execution
INFO:shared.autonomous.real_executor:Executing task test_task_1: Create Stripe webhook handler
INFO:shared.autonomous.real_executor:ğŸ“š Building project context...
INFO:shared.autonomous.real_executor:ğŸ“Š Project map generated: 112 files analyzed
INFO:shared.autonomous.real_executor:ğŸ” Phase 1: Deep Understanding...
INFO:httpx:HTTP Request: POST https://api.anthropic.com/v1/messages "HTTP/1.1 200 OK"
INFO:shared.autonomous.real_executor:âœ… Understanding complete (6218 chars)
INFO:shared.autonomous.real_executor:ğŸš€ Phase 2: Optimal Implementation...
INFO:httpx:HTTP Request: POST https://api.anthropic.com/v1/messages "HTTP/1.1 200 OK"
INFO:shared.autonomous.real_executor:âœ… Implementation complete (16335 chars)
INFO:shared.autonomous.real_executor:ğŸ“ Parsing and executing code...
INFO:shared.autonomous.code_executor:ğŸ“„ Parsed file: server/webhooks/stripeWebhook.ts (typescript, 11113 chars)
INFO:shared.autonomous.code_executor:ğŸ“„ Parsed file: server/_core/env.ts (typescript, 1119 chars)
INFO:shared.autonomous.code_executor:ğŸ“„ Parsed file: drizzle/schema.ts (typescript, 2611 chars)
INFO:shared.autonomous.code_executor:ğŸ“Š Parsed: 3 files, 0 commands
INFO:shared.autonomous.code_executor:âœ… Wrote file: /home/ubuntu/just-talk-standalone/server/webhooks/stripeWebhook.ts
INFO:shared.autonomous.code_executor:âœ… Wrote file: /home/ubuntu/just-talk-standalone/server/_core/env.ts
INFO:shared.autonomous.code_executor:âœ… Wrote file: /home/ubuntu/just-talk-standalone/drizzle/schema.ts
INFO:shared.autonomous.real_executor:ğŸ” Phase 3: Verification & Self-Correction...
INFO:shared.autonomous.real_executor:ğŸ“Š Running build to verify code quality...
INFO:shared.autonomous.real_executor:ğŸ“Š Build result: âŒ FAILED
WARNING:shared.autonomous.real_executor:âš ï¸  Build errors detected: 6 errors
WARNING:shared.autonomous.real_executor:   Error 1: âœ˜ [ERROR] No matching export in "drizzle/schema.ts" for import "crisisLog"...
WARNING:shared.autonomous.real_executor:   Error 2: âœ˜ [ERROR] No matching export in "drizzle/schema.ts" for import "interactionLog"...
WARNING:shared.autonomous.real_executor:   Error 3: âœ˜ [ERROR] No matching export in "drizzle/schema.ts" for import "crisisLog"...
WARNING:shared.autonomous.real_executor:âš ï¸  Build failed! Starting self-correction attempt 1/5...
INFO:shared.autonomous.real_executor:ğŸ§  Analyzing errors and generating fix...
INFO:httpx:HTTP Request: POST https://api.anthropic.com/v1/messages "HTTP/1.1 200 OK"
INFO:shared.autonomous.real_executor:ğŸ”§ Fix attempt 1 generated (6229 chars)
INFO:shared.autonomous.real_executor:ğŸ“ Executing fix attempt 1...
INFO:shared.autonomous.code_executor:ğŸ“„ Parsed file: drizzle/schema.ts (typescript, 5934 chars)
INFO:shared.autonomous.code_executor:ğŸ“Š Parsed: 1 files, 0 commands
INFO:shared.autonomous.code_executor:âœ… Wrote file: /home/ubuntu/just-talk-standalone/drizzle/schema.ts
INFO:shared.autonomous.real_executor:âœ… Fix executed, wrote 1 files
INFO:shared.autonomous.real_executor:ğŸ“Š Re-running build to verify fix...
INFO:shared.autonomous.real_executor:ğŸ“Š Build result after fix: âœ… PASSED
INFO:shared.autonomous.real_executor:âœ… Self-correction successful on attempt 1!
INFO:shared.autonomous.real_executor:âœ… Build passed! Committing changes...
INFO:shared.autonomous.code_executor:âœ… Committed: Task: test_task_1

Create a webhook handler in server/webhooks/stripeWebhook.ts that handles checkou
INFO:shared.autonomous.real_executor:âœ… Changes committed successfully!
INFO:shared.autonomous.real_executor:ğŸ§  Project memory updated!
INFO:shared.autonomous.real_executor:Executing task test_task_2: Add comprehensive error handling to webhook
INFO:shared.autonomous.real_executor:ğŸ“š Building project context...
INFO:shared.autonomous.real_executor:ğŸ“Š Project map generated: 112 files analyzed
INFO:shared.autonomous.real_executor:ğŸ” Phase 1: Deep Understanding...
INFO:httpx:HTTP Request: POST https://api.anthropic.com/v1/messages "HTTP/1.1 200 OK"
INFO:shared.autonomous.real_executor:âœ… Understanding complete (5688 chars)
INFO:shared.autonomous.real_executor:ğŸš€ Phase 2: Optimal Implementation...
INFO:httpx:HTTP Request: POST https://api.anthropic.com/v1/messages "HTTP/1.1 200 OK"
INFO:shared.autonomous.real_executor:âœ… Implementation complete (17632 chars)
INFO:shared.autonomous.real_executor:ğŸ“ Parsing and executing code...
INFO:shared.autonomous.code_executor:ğŸ“„ Parsed file: server/_core/env.ts (typescript, 925 chars)
INFO:shared.autonomous.code_executor:ğŸ“„ Parsed file: server/webhooks/stripeWebhook.ts (typescript, 13801 chars)
INFO:shared.autonomous.code_executor:ğŸ“Š Parsed: 2 files, 0 commands
INFO:shared.autonomous.code_executor:âœ… Wrote file: /home/ubuntu/just-talk-standalone/server/_core/env.ts
INFO:shared.autonomous.code_executor:âœ… Wrote file: /home/ubuntu/just-talk-standalone/server/webhooks/stripeWebhook.ts
INFO:shared.autonomous.real_executor:ğŸ” Phase 3: Verification & Self-Correction...
INFO:shared.autonomous.real_executor:ğŸ“Š Running build to verify code quality...
INFO:shared.autonomous.real_executor:ğŸ“Š Build result: âŒ FAILED
WARNING:shared.autonomous.real_executor:âš ï¸  Build errors detected: 2 errors
WARNING:shared.autonomous.real_executor:   Error 1: âœ˜ [ERROR] Could not resolve "../_core/twilio"...
WARNING:shared.autonomous.real_executor:   Error 2: 1 error...
WARNING:shared.autonomous.real_executor:âš ï¸  Build failed! Starting self-correction attempt 1/5...
INFO:shared.autonomous.real_executor:ğŸ§  Analyzing errors and generating fix...
INFO:httpx:HTTP Request: POST https://api.anthropic.com/v1/messages "HTTP/1.1 200 OK"
INFO:shared.autonomous.real_executor:ğŸ”§ Fix attempt 1 generated (9447 chars)
INFO:shared.autonomous.real_executor:ğŸ“ Executing fix attempt 1...
INFO:shared.autonomous.code_executor:ğŸ“„ Parsed file: server/webhooks/stripeWebhook.ts (typescript, 8511 chars)
INFO:shared.autonomous.code_executor:ğŸ“Š Parsed: 1 files, 0 commands
INFO:shared.autonomous.code_executor:âœ… Wrote file: /home/ubuntu/just-talk-standalone/server/webhooks/stripeWebhook.ts
INFO:shared.autonomous.real_executor:âœ… Fix executed, wrote 1 files
INFO:shared.autonomous.real_executor:ğŸ“Š Re-running build to verify fix...
INFO:shared.autonomous.real_executor:ğŸ“Š Build result after fix: âŒ FAILED
WARNING:shared.autonomous.real_executor:âŒ Fix attempt 1 failed, trying again...
WARNING:shared.autonomous.real_executor:âš ï¸  Build failed! Starting self-correction attempt 2/5...
INFO:shared.autonomous.real_executor:ğŸ§  Analyzing errors and generating fix...
INFO:httpx:HTTP Request: POST https://api.anthropic.com/v1/messages "HTTP/1.1 200 OK"
INFO:shared.autonomous.real_executor:ğŸ”§ Fix attempt 2 generated (9258 chars)
INFO:shared.autonomous.real_executor:ğŸ“ Executing fix attempt 2...
INFO:shared.autonomous.code_executor:ğŸ“„ Parsed file: server/_core/env.ts (typescript, 392 chars)
INFO:shared.autonomous.code_executor:ğŸ“„ Parsed file: server/webhooks/stripeWebhook.ts (typescript, 7572 chars)
INFO:shared.autonomous.code_executor:ğŸ“Š Parsed: 2 files, 0 commands
INFO:shared.autonomous.code_executor:âœ… Wrote file: /home/ubuntu/just-talk-standalone/server/_core/env.ts
INFO:shared.autonomous.code_executor:âœ… Wrote file: /home/ubuntu/just-talk-standalone/server/webhooks/stripeWebhook.ts
INFO:shared.autonomous.real_executor:âœ… Fix executed, wrote 2 files
INFO:shared.autonomous.real_executor:ğŸ“Š Re-running build to verify fix...
INFO:shared.autonomous.real_executor:ğŸ“Š Build result after fix: âŒ FAILED
WARNING:shared.autonomous.real_executor:âŒ Fix attempt 2 failed, trying again...
WARNING:shared.autonomous.real_executor:âš ï¸  Build failed! Starting self-correction attempt 3/5...
INFO:shared.autonomous.real_executor:ğŸ§  Analyzing errors and generating fix...
INFO:httpx:HTTP Request: POST https://api.anthropic.com/v1/messages "HTTP/1.1 200 OK"
INFO:shared.autonomous.real_executor:ğŸ”§ Fix attempt 3 generated (10783 chars)
INFO:shared.autonomous.real_executor:ğŸ“ Executing fix attempt 3...
INFO:shared.autonomous.code_executor:ğŸ“„ Parsed file: server/webhooks/stripeWebhook.ts (typescript, 10034 chars)
WARNING:shared.autonomous.code_executor:âš ï¸  Skipping code mistaken as filepath: import { subscriptions, users } from "../_core/sch...
WARNING:shared.autonomous.code_executor:âš ï¸  Skipping code mistaken as filepath: import { subscriptions, users } from '../db/schema...
INFO:shared.autonomous.code_executor:ğŸ“Š Parsed: 1 files, 0 commands
INFO:shared.autonomous.code_executor:âœ… Wrote file: /home/ubuntu/just-talk-standalone/server/webhooks/stripeWebhook.ts
INFO:shared.autonomous.real_executor:âœ… Fix executed, wrote 1 files
INFO:shared.autonomous.real_executor:ğŸ“Š Re-running build to verify fix...
INFO:shared.autonomous.real_executor:ğŸ“Š Build result after fix: âŒ FAILED
WARNING:shared.autonomous.real_executor:âŒ Fix attempt 3 failed, trying again...
WARNING:shared.autonomous.real_executor:âš ï¸  Build failed! Starting self-correction attempt 4/5...
INFO:shared.autonomous.real_executor:ğŸ§  Analyzing errors and generating fix...
INFO:httpx:HTTP Request: POST https://api.anthropic.com/v1/messages "HTTP/1.1 200 OK"
INFO:shared.autonomous.real_executor:ğŸ”§ Fix attempt 4 generated (8595 chars)
INFO:shared.autonomous.real_executor:ğŸ“ Executing fix attempt 4...
INFO:shared.autonomous.code_executor:ğŸ“„ Parsed file: server/webhooks/stripeWebhook.ts (typescript, 7755 chars)
INFO:shared.autonomous.code_executor:ğŸ“Š Parsed: 1 files, 0 commands
INFO:shared.autonomous.code_executor:âœ… Wrote file: /home/ubuntu/just-talk-standalone/server/webhooks/stripeWebhook.ts
INFO:shared.autonomous.real_executor:âœ… Fix executed, wrote 1 files
INFO:shared.autonomous.real_executor:ğŸ“Š Re-running build to verify fix...
INFO:shared.autonomous.real_executor:ğŸ“Š Build result after fix: âŒ FAILED
WARNING:shared.autonomous.real_executor:âŒ Fix attempt 4 failed, trying again...
WARNING:shared.autonomous.real_executor:âš ï¸  Build failed! Starting self-correction attempt 5/5...
INFO:shared.autonomous.real_executor:ğŸ§  Analyzing errors and generating fix...
INFO:httpx:HTTP Request: POST https://api.anthropic.com/v1/messages "HTTP/1.1 200 OK"
INFO:shared.autonomous.real_executor:ğŸ”§ Fix attempt 5 generated (8719 chars)
INFO:shared.autonomous.real_executor:ğŸ“ Executing fix attempt 5...
INFO:shared.autonomous.code_executor:ğŸ“„ Parsed file: server/webhooks/stripeWebhook.ts (typescript, 7776 chars)
INFO:shared.autonomous.code_executor:ğŸ“Š Parsed: 1 files, 0 commands
INFO:shared.autonomous.code_executor:âœ… Wrote file: /home/ubuntu/just-talk-standalone/server/webhooks/stripeWebhook.ts
INFO:shared.autonomous.real_executor:âœ… Fix executed, wrote 1 files
INFO:shared.autonomous.real_executor:ğŸ“Š Re-running build to verify fix...
INFO:shared.autonomous.real_executor:ğŸ“Š Build result after fix: âŒ FAILED
WARNING:shared.autonomous.real_executor:âŒ Fix attempt 5 failed, trying again...
ERROR:shared.autonomous.real_executor:âŒ All 5 self-correction attempts failed! DISCARDING CHANGES...
INFO:shared.autonomous.real_executor:âœ… Changes discarded, back to clean state
INFO:shared.autonomous.real_executor:Executing task test_task_3: Add detailed logging to webhook
INFO:shared.autonomous.real_executor:ğŸ“š Building project context...
INFO:shared.autonomous.real_executor:ğŸ“Š Project map generated: 112 files analyzed
INFO:shared.autonomous.real_executor:ğŸ” Phase 1: Deep Understanding...
INFO:httpx:HTTP Request: POST https://api.anthropic.com/v1/messages "HTTP/1.1 200 OK"
INFO:shared.autonomous.real_executor:âœ… Understanding complete (5379 chars)
INFO:shared.autonomous.real_executor:ğŸš€ Phase 2: Optimal Implementation...
INFO:httpx:HTTP Request: POST https://api.anthropic.com/v1/messages "HTTP/1.1 200 OK"
INFO:shared.autonomous.real_executor:âœ… Implementation complete (14228 chars)
INFO:shared.autonomous.real_executor:ğŸ“ Parsing and executing code...
INFO:shared.autonomous.code_executor:ğŸ“„ Parsed file: server/webhooks/stripeWebhook.ts (typescript, 12132 chars)
INFO:shared.autonomous.code_executor:ğŸ“Š Parsed: 1 files, 0 commands
INFO:shared.autonomous.code_executor:âœ… Wrote file: /home/ubuntu/just-talk-standalone/server/webhooks/stripeWebhook.ts
INFO:shared.autonomous.real_executor:ğŸ” Phase 3: Verification & Self-Correction...
INFO:shared.autonomous.real_executor:ğŸ“Š Running build to verify code quality...
INFO:shared.autonomous.real_executor:ğŸ“Š Build result: âœ… PASSED
INFO:shared.autonomous.real_executor:âœ… Build passed! Committing changes...
INFO:shared.autonomous.code_executor:âœ… Committed: Task: test_task_3

Add structured logging to track webhook events, including timestamps, event types
INFO:shared.autonomous.real_executor:âœ… Changes committed successfully!
INFO:shared.autonomous.real_executor:ğŸ§  Project memory updated!
ğŸ§ª TESTING ITERATION 4: PROJECT-LEVEL CONTINUITY
================================================================================

ğŸ“‹ TASK 1: Create webhook handler
--------------------------------------------------------------------------------
âœ… Task 1 result: success
   Files: ['/home/ubuntu/just-talk-standalone/server/webhooks/stripeWebhook.ts', '/home/ubuntu/just-talk-standalone/server/_core/env.ts', '/home/ubuntu/just-talk-standalone/drizzle/schema.ts']

ğŸ“‹ TASK 2: Add error handling to webhook
--------------------------------------------------------------------------------
âœ… Task 2 result: success
   Files: ['/home/ubuntu/just-talk-standalone/server/_core/env.ts', '/home/ubuntu/just-talk-standalone/server/webhooks/stripeWebhook.ts']

ğŸ“‹ TASK 3: Add detailed logging
--------------------------------------------------------------------------------
âœ… Task 3 result: success
   Files: ['/home/ubuntu/just-talk-standalone/server/webhooks/stripeWebhook.ts']

ğŸ§  PROJECT MEMORY CHECK
================================================================================
Tasks completed: 2
Architectural decisions: 2
Files tracked: 3
Lessons learned: 0

ğŸ“Š CONTINUITY VERIFICATION
================================================================================
âœ… Task 2 MODIFIED existing files from Task 1 (good!)
âœ… Task 3 MODIFIED existing files from Task 2 (good!)

ğŸ‰ ITERATION 4 TEST COMPLETE!
================================================================================
